<?xml version="1.0" encoding="UTF-8"?>
<!-- Generated by org.testng.reporters.JUnitReportReporter -->
<testsuite hostname="DESKTOP-QNCS80C" failures="0" tests="1" name="pomClass.Practiceclass" time="0.007" errors="0" timestamp="2022-05-20T22:14:10 IST" skipped="0">
  <testcase classname="pomClass.Practiceclass" name="test" time="0.007"/>
  <system-out/>
</testsuite> <!-- pomClass.Practiceclass -->
